<?xml version="1.0" encoding="UTF-8"?>
<!-- Generated by org.testng.reporters.JUnitReportReporter -->
<testsuite hostname="DESKTOP-4SN5BNS" failures="0" tests="1" name="eSpace.FirstAutomationTest.LoginTest_FirefoxDriver" time="22.573" errors="0" timestamp="2020-09-26T00:47:37 EET" skipped="0">
  <testcase classname="eSpace.FirstAutomationTest.LoginTest_FirefoxDriver" name="loginTest" time="22.573"/>
  <system-out/>
</testsuite> <!-- eSpace.FirstAutomationTest.LoginTest_FirefoxDriver -->
