<?xml version="1.0" encoding="UTF-8"?>
<!-- Generated by org.testng.reporters.JUnitReportReporter -->
<testsuite hostname="DESKTOP-4SN5BNS" failures="0" tests="1" name="eSpace.FirstAutomationTest.LoginTestChromeDriver" time="23.438" errors="0" timestamp="2020-09-26T00:42:41 EET" skipped="0">
  <testcase classname="eSpace.FirstAutomationTest.LoginTestChromeDriver" name="loginTest" time="23.438"/>
  <system-out/>
</testsuite> <!-- eSpace.FirstAutomationTest.LoginTestChromeDriver -->
