<?xml version="1.0" encoding="UTF-8"?>
<!-- Generated by org.testng.reporters.JUnitReportReporter -->
<testsuite hostname="DESKTOP-4SN5BNS" failures="0" tests="2" name="eSpace.FirstAutomationTest.AutoPracticeChromeDriver" time="14.591" errors="0" timestamp="2020-09-25T22:55:11 EET" skipped="0">
  <testcase classname="eSpace.FirstAutomationTest.AutoPracticeChromeDriver" name="Fill_Registration_Form" time="10.556"/>
  <system-out/>
  <testcase classname="eSpace.FirstAutomationTest.AutoPracticeChromeDriver" name="Add_new_email" time="4.035"/>
  <system-out/>
</testsuite> <!-- eSpace.FirstAutomationTest.AutoPracticeChromeDriver -->
