<?xml version="1.0" encoding="UTF-8"?>
<!-- Generated by org.testng.reporters.JUnitReportReporter -->
<testsuite hostname="DESKTOP-4SN5BNS" failures="0" tests="2" name="eSpace.FirstAutomationTest.CrossBrowsersTest" time="58.899" errors="0" timestamp="2020-09-26T21:47:25 EET" skipped="0">
  <testcase classname="eSpace.FirstAutomationTest.CrossBrowsersTest" name="loginTest" time="34.931"/>
  <system-out/>
  <testcase classname="eSpace.FirstAutomationTest.CrossBrowsersTest" name="loginTest" time="23.968"/>
  <system-out/>
</testsuite> <!-- eSpace.FirstAutomationTest.CrossBrowsersTest -->
